<?xml version="1.0" encoding="UTF-8"?>
<!-- Generated by org.testng.reporters.JUnitReportReporter -->
<testsuite hostname="Geetha" failures="1" tests="3" name="com.auto.allrunnerFiles.LoginRunner" time="19.873" errors="0" timestamp="2023-06-15T17:09:10 PDT" skipped="0">
  <testcase classname="com.auto.allrunnerFiles.LoginRunner" name="runScenario" time="2.936"/>
  <system-out/>
  <testcase classname="com.auto.allrunnerFiles.LoginRunner" name="runScenario" time="7.391">
    <failure message="expected [] but found [Login | Salesforce]" type="java.lang.AssertionError">
      <![CDATA[java.lang.AssertionError: expected [] but found [Login | Salesforce]
at org.testng.Assert.fail(Assert.java:110)
at org.testng.Assert.failNotEquals(Assert.java:1577)
at org.testng.Assert.assertEqualsImpl(Assert.java:149)
at org.testng.Assert.assertEquals(Assert.java:131)
at org.testng.Assert.assertEquals(Assert.java:655)
at org.testng.Assert.assertEquals(Assert.java:665)
at com.auto.alldefinitionFiles.LoginScripts.user_should_logged_out(LoginScripts.java:117)
at ✽.user should logged out(file:///C:/Users/geeth/eclipse-workspace/CucumberFramework/src/test/resources/features/loginFeatures.feature:26)
]]>
    </failure>
  </testcase> <!-- runScenario -->
  <system-out/>
  <testcase classname="com.auto.allrunnerFiles.LoginRunner" name="runScenario" time="9.546"/>
  <system-out/>
</testsuite> <!-- com.auto.allrunnerFiles.LoginRunner -->
